The disk contains an unclean file system (0, 0).
Metadata kept in Windows cache, refused to mount.
Falling back to read-only mount because the NTFS partition is in an
unsafe state. Please resume and shutdown Windows fully (no hibernation
or fast restarting.)
Could not mount read-write, trying read-only
Windows is hibernated, refused to mount.
The disk contains an unclean file system (0, 0).
Metadata kept in Windows cache, refused to mount.
Falling back to read-only mount because the NTFS partition is in an
unsafe state. Please resume and shutdown Windows fully (no hibernation
or fast restarting.)
Could not mount read-write, trying read-only
The disk contains an unclean file system (0, 0).
Metadata kept in Windows cache, refused to mount.
Falling back to read-only mount because the NTFS partition is in an
unsafe state. Please resume and shutdown Windows fully (no hibernation
or fast restarting.)
Could not mount read-write, trying read-only
/init: line 7: can't open /dev/sr0: No medium found
/init: line 7: can't open /dev/sr0: No medium found
dbus-daemon[837]: [session uid=999 pid=837] Activating service name='org.gtk.vfs.Daemon' requested by ':1.0' (uid=999 pid=838 comm="" label="unconfined")
dbus-daemon[837]: [session uid=999 pid=837] Successfully activated service 'org.gtk.vfs.Daemon'
dbus-daemon[837]: [session uid=999 pid=837] Activating service name='org.gtk.vfs.Metadata' requested by ':1.0' (uid=999 pid=838 comm="" label="unconfined")
fuse: device not found, try 'modprobe fuse' first
dbus-daemon[837]: [session uid=999 pid=837] Successfully activated service 'org.gtk.vfs.Metadata'
A connection to the bus can't be made
Using CD-ROM mount point /cdrom/
Identifying... [cb152d6b647ffa477e8f802e78fffd37-2]
Scanning disc for index files...
Found 2 package indexes, 0 source indexes, 0 translation indexes and 1 signatures
Found label 'Ubuntu 19.04 _Disco Dingo_ - Release amd64 (20190416)'
This disc is called: 
'Ubuntu 19.04 _Disco Dingo_ - Release amd64 (20190416)'
Copying package lists...gpgv: Signature made Tue Apr 16 19:19:43 2019 UTC
gpgv:                using RSA key D94AA3F0EFE21092
gpgv: Good signature from "Ubuntu CD Image Automatic Signing Key (2012) <cdimage@ubuntu.com>"
Reading Package Indexes... 0%Reading Package Indexes... Done
Writing new source list
Source list entries for this disc are:
deb cdrom:[Ubuntu 19.04 _Disco Dingo_ - Release amd64 (20190416)]/ disco main restricted
Repeat this process for the rest of the CDs in your set.
