Oct 29 00:09:01 proveloz-z40 CRON[16976]: pam_unix(cron:session): session opened for user root by (uid=0)
Oct 29 00:09:01 proveloz-z40 CRON[16976]: pam_unix(cron:session): session closed for user root
Oct 29 00:17:01 proveloz-z40 CRON[17302]: pam_unix(cron:session): session opened for user root by (uid=0)
Oct 29 00:17:01 proveloz-z40 CRON[17302]: pam_unix(cron:session): session closed for user root
Oct 29 00:39:01 proveloz-z40 CRON[17755]: pam_unix(cron:session): session opened for user root by (uid=0)
Oct 29 00:39:01 proveloz-z40 CRON[17755]: pam_unix(cron:session): session closed for user root
Oct 29 00:54:56 proveloz-z40 systemd-logind[872]: Lid closed.
Oct 29 00:54:56 proveloz-z40 systemd-logind[872]: Suspending...
Oct 29 09:11:58 proveloz-z40 systemd-logind[872]: Lid opened.
Oct 29 09:11:58 proveloz-z40 systemd-logind[872]: Power key pressed.
Oct 29 09:11:59 proveloz-z40 systemd-logind[872]: Operation 'sleep' finished.
Oct 29 09:12:02 proveloz-z40 PackageKit: uid 1000 is trying to obtain org.freedesktop.packagekit.system-sources-refresh auth (only_trusted:0)
Oct 29 09:12:02 proveloz-z40 PackageKit: uid 1000 obtained auth for org.freedesktop.packagekit.system-sources-refresh
Oct 29 09:12:02 proveloz-z40 PackageKit: uid 1000 is trying to obtain org.freedesktop.packagekit.system-sources-refresh auth (only_trusted:0)
Oct 29 09:12:02 proveloz-z40 PackageKit: uid 1000 obtained auth for org.freedesktop.packagekit.system-sources-refresh
Oct 29 09:12:03 proveloz-z40 PackageKit: uid 1000 is trying to obtain org.freedesktop.packagekit.system-sources-refresh auth (only_trusted:0)
Oct 29 09:12:03 proveloz-z40 PackageKit: uid 1000 obtained auth for org.freedesktop.packagekit.system-sources-refresh
Oct 29 09:12:03 proveloz-z40 PackageKit: uid 1000 is trying to obtain org.freedesktop.packagekit.system-sources-refresh auth (only_trusted:0)
Oct 29 09:12:03 proveloz-z40 PackageKit: uid 1000 obtained auth for org.freedesktop.packagekit.system-sources-refresh
Oct 29 09:12:05 proveloz-z40 gnome-keyring-daemon[1190]: asked to register item /org/freedesktop/secrets/collection/Dep_c3_b3sito_5fde_5fclaves_5fpredeterminado/1, but it's already registered
Oct 29 09:12:05 proveloz-z40 PackageKit: uid 1000 is trying to obtain org.freedesktop.packagekit.system-sources-refresh auth (only_trusted:0)
Oct 29 09:12:05 proveloz-z40 PackageKit: uid 1000 obtained auth for org.freedesktop.packagekit.system-sources-refresh
Oct 29 09:12:05 proveloz-z40 PackageKit: uid 1000 is trying to obtain org.freedesktop.packagekit.system-sources-refresh auth (only_trusted:0)
Oct 29 09:12:05 proveloz-z40 PackageKit: uid 1000 obtained auth for org.freedesktop.packagekit.system-sources-refresh
Oct 29 09:12:05 proveloz-z40 PackageKit: uid 1000 is trying to obtain org.freedesktop.packagekit.system-sources-refresh auth (only_trusted:0)
Oct 29 09:12:05 proveloz-z40 PackageKit: uid 1000 obtained auth for org.freedesktop.packagekit.system-sources-refresh
Oct 29 09:12:07 proveloz-z40 PackageKit: uid 1000 is trying to obtain org.freedesktop.packagekit.system-sources-refresh auth (only_trusted:0)
Oct 29 09:12:07 proveloz-z40 PackageKit: uid 1000 obtained auth for org.freedesktop.packagekit.system-sources-refresh
Oct 29 09:12:12 proveloz-z40 gdm-password]: gkr-pam: unlocked login keyring
Oct 29 09:15:14 proveloz-z40 pkexec: pam_unix(polkit-1:session): session opened for user root by (uid=1000)
Oct 29 09:15:14 proveloz-z40 pkexec[21327]: proveloz: Executing command [USER=root] [TTY=unknown] [CWD=/home/proveloz] [COMMAND=/usr/lib/update-notifier/package-system-locked]
Oct 29 09:17:01 proveloz-z40 CRON[21384]: pam_unix(cron:session): session opened for user root by (uid=0)
Oct 29 09:17:01 proveloz-z40 CRON[21384]: pam_unix(cron:session): session closed for user root
Oct 29 09:30:01 proveloz-z40 CRON[21528]: pam_unix(cron:session): session opened for user root by (uid=0)
Oct 29 09:30:01 proveloz-z40 CRON[21528]: pam_unix(cron:session): session closed for user root
Oct 29 09:39:01 proveloz-z40 CRON[21834]: pam_unix(cron:session): session opened for user root by (uid=0)
Oct 29 09:39:01 proveloz-z40 CRON[21834]: pam_unix(cron:session): session closed for user root
Oct 29 10:00:09 proveloz-z40 pkexec: pam_unix(polkit-1:session): session opened for user root by (uid=1000)
Oct 29 10:00:09 proveloz-z40 pkexec[22642]: proveloz: Executing command [USER=root] [TTY=unknown] [CWD=/home/proveloz] [COMMAND=/usr/lib/update-notifier/package-system-locked]
Oct 29 10:09:01 proveloz-z40 CRON[22701]: pam_unix(cron:session): session opened for user root by (uid=0)
Oct 29 10:09:01 proveloz-z40 CRON[22701]: pam_unix(cron:session): session closed for user root
Oct 29 10:17:01 proveloz-z40 CRON[22806]: pam_unix(cron:session): session opened for user root by (uid=0)
Oct 29 10:17:01 proveloz-z40 CRON[22806]: pam_unix(cron:session): session closed for user root
Oct 29 10:24:35 proveloz-z40 gdm-password]: gkr-pam: unlocked login keyring
Oct 29 10:30:01 proveloz-z40 CRON[22944]: pam_unix(cron:session): session opened for user root by (uid=0)
Oct 29 10:30:01 proveloz-z40 CRON[22944]: pam_unix(cron:session): session closed for user root
Oct 29 10:39:01 proveloz-z40 CRON[23371]: pam_unix(cron:session): session opened for user root by (uid=0)
Oct 29 10:39:01 proveloz-z40 CRON[23371]: pam_unix(cron:session): session closed for user root
Oct 29 11:09:01 proveloz-z40 CRON[23895]: pam_unix(cron:session): session opened for user root by (uid=0)
Oct 29 11:09:01 proveloz-z40 CRON[23895]: pam_unix(cron:session): session closed for user root
Oct 29 11:17:01 proveloz-z40 CRON[24090]: pam_unix(cron:session): session opened for user root by (uid=0)
Oct 29 11:17:01 proveloz-z40 CRON[24090]: pam_unix(cron:session): session closed for user root
Oct 29 11:30:01 proveloz-z40 CRON[24183]: pam_unix(cron:session): session opened for user root by (uid=0)
Oct 29 11:30:01 proveloz-z40 CRON[24183]: pam_unix(cron:session): session closed for user root
Oct 29 11:39:01 proveloz-z40 CRON[24246]: pam_unix(cron:session): session opened for user root by (uid=0)
Oct 29 11:39:01 proveloz-z40 CRON[24246]: pam_unix(cron:session): session closed for user root
Oct 29 11:46:52 proveloz-z40 gdm-password]: gkr-pam: unlocked login keyring
Oct 29 12:09:01 proveloz-z40 CRON[24647]: pam_unix(cron:session): session opened for user root by (uid=0)
Oct 29 12:09:01 proveloz-z40 CRON[24647]: pam_unix(cron:session): session closed for user root
Oct 29 12:17:01 proveloz-z40 CRON[24799]: pam_unix(cron:session): session opened for user root by (uid=0)
Oct 29 12:17:01 proveloz-z40 CRON[24799]: pam_unix(cron:session): session closed for user root
Oct 29 12:30:01 proveloz-z40 CRON[24960]: pam_unix(cron:session): session opened for user root by (uid=0)
Oct 29 12:30:01 proveloz-z40 CRON[24960]: pam_unix(cron:session): session closed for user root
Oct 29 12:39:01 proveloz-z40 CRON[25046]: pam_unix(cron:session): session opened for user root by (uid=0)
Oct 29 12:39:01 proveloz-z40 CRON[25046]: pam_unix(cron:session): session closed for user root
Oct 29 13:09:01 proveloz-z40 CRON[25514]: pam_unix(cron:session): session opened for user root by (uid=0)
Oct 29 13:09:01 proveloz-z40 CRON[25514]: pam_unix(cron:session): session closed for user root
Oct 29 13:17:01 proveloz-z40 CRON[25619]: pam_unix(cron:session): session opened for user root by (uid=0)
Oct 29 13:17:01 proveloz-z40 CRON[25619]: pam_unix(cron:session): session closed for user root
Oct 29 13:30:02 proveloz-z40 CRON[25988]: pam_unix(cron:session): session opened for user root by (uid=0)
Oct 29 13:30:02 proveloz-z40 CRON[25988]: pam_unix(cron:session): session closed for user root
Oct 29 13:39:01 proveloz-z40 CRON[26157]: pam_unix(cron:session): session opened for user root by (uid=0)
Oct 29 13:39:01 proveloz-z40 CRON[26157]: pam_unix(cron:session): session closed for user root
Oct 29 14:09:01 proveloz-z40 CRON[26467]: pam_unix(cron:session): session opened for user root by (uid=0)
Oct 29 14:09:01 proveloz-z40 CRON[26467]: pam_unix(cron:session): session closed for user root
Oct 29 14:17:01 proveloz-z40 CRON[26526]: pam_unix(cron:session): session opened for user root by (uid=0)
Oct 29 14:17:01 proveloz-z40 CRON[26526]: pam_unix(cron:session): session closed for user root
Oct 29 14:30:01 proveloz-z40 CRON[26673]: pam_unix(cron:session): session opened for user root by (uid=0)
Oct 29 14:30:01 proveloz-z40 CRON[26673]: pam_unix(cron:session): session closed for user root
Oct 29 14:39:01 proveloz-z40 CRON[26830]: pam_unix(cron:session): session opened for user root by (uid=0)
Oct 29 14:39:01 proveloz-z40 CRON[26830]: pam_unix(cron:session): session closed for user root
Oct 29 15:09:01 proveloz-z40 CRON[27131]: pam_unix(cron:session): session opened for user root by (uid=0)
Oct 29 15:09:01 proveloz-z40 CRON[27131]: pam_unix(cron:session): session closed for user root
Oct 29 15:17:01 proveloz-z40 CRON[27225]: pam_unix(cron:session): session opened for user root by (uid=0)
Oct 29 15:17:01 proveloz-z40 CRON[27225]: pam_unix(cron:session): session closed for user root
Oct 29 15:30:01 proveloz-z40 CRON[27346]: pam_unix(cron:session): session opened for user root by (uid=0)
Oct 29 15:30:01 proveloz-z40 CRON[27346]: pam_unix(cron:session): session closed for user root
Oct 29 15:39:01 proveloz-z40 CRON[27438]: pam_unix(cron:session): session opened for user root by (uid=0)
Oct 29 15:39:01 proveloz-z40 CRON[27438]: pam_unix(cron:session): session closed for user root
Oct 29 16:01:25 proveloz-z40 systemd-logind[872]: Lid closed.
Oct 29 16:01:25 proveloz-z40 systemd-logind[872]: Suspending...
Oct 29 17:25:59 proveloz-z40 systemd-logind[872]: Lid opened.
Oct 29 17:25:59 proveloz-z40 systemd-logind[872]: Operation 'sleep' finished.
Oct 29 17:26:04 proveloz-z40 gnome-keyring-daemon[1190]: asked to register item /org/freedesktop/secrets/collection/Dep_c3_b3sito_5fde_5fclaves_5fpredeterminado/1, but it's already registered
Oct 29 17:26:10 proveloz-z40 gdm-password]: gkr-pam: unlocked login keyring
Oct 29 17:26:32 proveloz-z40 CRON[28151]: pam_unix(cron:session): session opened for user root by (uid=0)
Oct 29 17:26:32 proveloz-z40 CRON[28151]: pam_unix(cron:session): session closed for user root
Oct 29 17:30:01 proveloz-z40 CRON[28312]: pam_unix(cron:session): session opened for user root by (uid=0)
Oct 29 17:30:01 proveloz-z40 CRON[28312]: pam_unix(cron:session): session closed for user root
Oct 29 17:38:16 proveloz-z40 systemd-logind[872]: Lid closed.
Oct 29 17:38:16 proveloz-z40 systemd-logind[872]: Suspending...
Oct 29 19:32:28 proveloz-z40 systemd-logind[872]: Lid opened.
Oct 29 19:32:28 proveloz-z40 systemd-logind[872]: Operation 'sleep' finished.
Oct 29 19:32:33 proveloz-z40 gnome-keyring-daemon[1190]: asked to register item /org/freedesktop/secrets/collection/Dep_c3_b3sito_5fde_5fclaves_5fpredeterminado/1, but it's already registered
Oct 29 19:32:34 proveloz-z40 systemd-logind[872]: Watching system buttons on /dev/input/event17 (Logitech Gaming Mouse G502 Keyboard)
Oct 29 19:32:34 proveloz-z40 systemd-logind[872]: Watching system buttons on /dev/input/event19 (Logitech Gaming Mouse G502 System Control)
Oct 29 19:32:34 proveloz-z40 systemd-logind[872]: Watching system buttons on /dev/input/event18 (Logitech Gaming Mouse G502 Consumer Control)
Oct 29 19:32:36 proveloz-z40 gdm-password]: gkr-pam: unlocked login keyring
Oct 29 19:33:09 proveloz-z40 CRON[28978]: pam_unix(cron:session): session opened for user root by (uid=0)
Oct 29 19:33:09 proveloz-z40 CRON[28978]: pam_unix(cron:session): session closed for user root
Oct 29 19:33:09 proveloz-z40 CRON[28980]: pam_unix(cron:session): session opened for user root by (uid=0)
Oct 29 19:33:09 proveloz-z40 CRON[28980]: pam_unix(cron:session): session closed for user root
Oct 29 19:39:01 proveloz-z40 CRON[29144]: pam_unix(cron:session): session opened for user root by (uid=0)
Oct 29 19:39:01 proveloz-z40 CRON[29144]: pam_unix(cron:session): session closed for user root
Oct 29 20:09:01 proveloz-z40 CRON[30659]: pam_unix(cron:session): session opened for user root by (uid=0)
Oct 29 20:09:01 proveloz-z40 CRON[30659]: pam_unix(cron:session): session closed for user root
Oct 29 20:17:01 proveloz-z40 CRON[30845]: pam_unix(cron:session): session opened for user root by (uid=0)
Oct 29 20:17:01 proveloz-z40 CRON[30845]: pam_unix(cron:session): session closed for user root
Oct 29 20:30:01 proveloz-z40 CRON[31251]: pam_unix(cron:session): session opened for user root by (uid=0)
Oct 29 20:30:01 proveloz-z40 CRON[31251]: pam_unix(cron:session): session closed for user root
Oct 29 20:39:01 proveloz-z40 CRON[31846]: pam_unix(cron:session): session opened for user root by (uid=0)
Oct 29 20:39:01 proveloz-z40 CRON[31846]: pam_unix(cron:session): session closed for user root
Oct 29 21:09:01 proveloz-z40 CRON[32285]: pam_unix(cron:session): session opened for user root by (uid=0)
Oct 29 21:09:01 proveloz-z40 CRON[32285]: pam_unix(cron:session): session closed for user root
Oct 29 21:11:52 proveloz-z40 gdm-password]: gkr-pam: unlocked login keyring
Oct 29 21:17:01 proveloz-z40 CRON[32405]: pam_unix(cron:session): session opened for user root by (uid=0)
Oct 29 21:17:01 proveloz-z40 CRON[32405]: pam_unix(cron:session): session closed for user root
Oct 29 21:30:01 proveloz-z40 CRON[32565]: pam_unix(cron:session): session opened for user root by (uid=0)
Oct 29 21:30:01 proveloz-z40 CRON[32565]: pam_unix(cron:session): session closed for user root
Oct 29 21:39:01 proveloz-z40 CRON[32746]: pam_unix(cron:session): session opened for user root by (uid=0)
Oct 29 21:39:01 proveloz-z40 CRON[32746]: pam_unix(cron:session): session closed for user root
Oct 29 22:09:01 proveloz-z40 CRON[852]: pam_unix(cron:session): session opened for user root by (uid=0)
Oct 29 22:09:01 proveloz-z40 CRON[852]: pam_unix(cron:session): session closed for user root
Oct 29 22:17:01 proveloz-z40 CRON[1042]: pam_unix(cron:session): session opened for user root by (uid=0)
Oct 29 22:17:01 proveloz-z40 CRON[1042]: pam_unix(cron:session): session closed for user root
Oct 29 22:30:01 proveloz-z40 CRON[1309]: pam_unix(cron:session): session opened for user root by (uid=0)
Oct 29 22:30:01 proveloz-z40 CRON[1309]: pam_unix(cron:session): session closed for user root
Oct 29 22:39:01 proveloz-z40 CRON[1394]: pam_unix(cron:session): session opened for user root by (uid=0)
Oct 29 22:39:01 proveloz-z40 CRON[1394]: pam_unix(cron:session): session closed for user root
Oct 29 23:09:01 proveloz-z40 CRON[2269]: pam_unix(cron:session): session opened for user root by (uid=0)
Oct 29 23:09:01 proveloz-z40 CRON[2269]: pam_unix(cron:session): session closed for user root
Oct 29 23:13:01 proveloz-z40 CRON[2413]: pam_unix(cron:session): session opened for user root by (uid=0)
Oct 29 23:13:01 proveloz-z40 CRON[2413]: pam_unix(cron:session): session closed for user root
Oct 29 23:17:01 proveloz-z40 CRON[2504]: pam_unix(cron:session): session opened for user root by (uid=0)
Oct 29 23:17:01 proveloz-z40 CRON[2504]: pam_unix(cron:session): session closed for user root
Oct 29 23:24:40 proveloz-z40 systemd-logind[872]: Lid closed.
Oct 29 23:24:40 proveloz-z40 systemd-logind[872]: Suspending...
Oct 30 09:25:28 proveloz-z40 systemd-logind[872]: Lid opened.
Oct 30 09:25:28 proveloz-z40 systemd-logind[872]: Operation 'sleep' finished.
Oct 30 09:25:33 proveloz-z40 gnome-keyring-daemon[1190]: asked to register item /org/freedesktop/secrets/collection/Dep_c3_b3sito_5fde_5fclaves_5fpredeterminado/1, but it's already registered
Oct 30 09:25:36 proveloz-z40 gdm-password]: gkr-pam: unlocked login keyring
Oct 30 09:25:40 proveloz-z40 PackageKit: uid 1000 is trying to obtain org.freedesktop.packagekit.system-sources-refresh auth (only_trusted:0)
Oct 30 09:25:40 proveloz-z40 PackageKit: uid 1000 obtained auth for org.freedesktop.packagekit.system-sources-refresh
Oct 30 09:25:41 proveloz-z40 PackageKit: uid 1000 is trying to obtain org.freedesktop.packagekit.system-sources-refresh auth (only_trusted:0)
Oct 30 09:25:41 proveloz-z40 PackageKit: uid 1000 obtained auth for org.freedesktop.packagekit.system-sources-refresh
Oct 30 09:25:41 proveloz-z40 PackageKit: uid 1000 is trying to obtain org.freedesktop.packagekit.system-sources-refresh auth (only_trusted:0)
Oct 30 09:25:41 proveloz-z40 PackageKit: uid 1000 obtained auth for org.freedesktop.packagekit.system-sources-refresh
Oct 30 09:28:34 proveloz-z40 pkexec: pam_unix(polkit-1:session): session opened for user root by (uid=1000)
Oct 30 09:28:34 proveloz-z40 pkexec[17236]: proveloz: Executing command [USER=root] [TTY=unknown] [CWD=/home/proveloz] [COMMAND=/usr/lib/update-notifier/package-system-locked]
Oct 30 09:30:01 proveloz-z40 CRON[17257]: pam_unix(cron:session): session opened for user root by (uid=0)
Oct 30 09:30:01 proveloz-z40 CRON[17257]: pam_unix(cron:session): session closed for user root
Oct 30 09:39:01 proveloz-z40 CRON[17669]: pam_unix(cron:session): session opened for user root by (uid=0)
Oct 30 09:39:01 proveloz-z40 CRON[17669]: pam_unix(cron:session): session closed for user root
Oct 30 10:09:01 proveloz-z40 CRON[18304]: pam_unix(cron:session): session opened for user root by (uid=0)
Oct 30 10:09:01 proveloz-z40 CRON[18304]: pam_unix(cron:session): session closed for user root
Oct 30 10:17:01 proveloz-z40 CRON[18454]: pam_unix(cron:session): session opened for user root by (uid=0)
Oct 30 10:17:01 proveloz-z40 CRON[18454]: pam_unix(cron:session): session closed for user root
Oct 30 10:30:01 proveloz-z40 CRON[18583]: pam_unix(cron:session): session opened for user root by (uid=0)
Oct 30 10:30:01 proveloz-z40 CRON[18583]: pam_unix(cron:session): session closed for user root
Oct 30 10:35:40 proveloz-z40 gdm-password]: gkr-pam: unlocked login keyring
Oct 30 10:39:01 proveloz-z40 CRON[18775]: pam_unix(cron:session): session opened for user root by (uid=0)
Oct 30 10:39:01 proveloz-z40 CRON[18775]: pam_unix(cron:session): session closed for user root
Oct 30 11:00:51 proveloz-z40 gdm-password]: gkr-pam: unlocked login keyring
Oct 30 11:09:01 proveloz-z40 CRON[19246]: pam_unix(cron:session): session opened for user root by (uid=0)
Oct 30 11:09:02 proveloz-z40 CRON[19246]: pam_unix(cron:session): session closed for user root
Oct 30 11:17:01 proveloz-z40 CRON[19496]: pam_unix(cron:session): session opened for user root by (uid=0)
Oct 30 11:17:01 proveloz-z40 CRON[19496]: pam_unix(cron:session): session closed for user root
Oct 30 11:30:01 proveloz-z40 CRON[19650]: pam_unix(cron:session): session opened for user root by (uid=0)
Oct 30 11:30:01 proveloz-z40 CRON[19650]: pam_unix(cron:session): session closed for user root
Oct 30 11:39:01 proveloz-z40 CRON[19750]: pam_unix(cron:session): session opened for user root by (uid=0)
Oct 30 11:39:01 proveloz-z40 CRON[19750]: pam_unix(cron:session): session closed for user root
Oct 30 12:09:01 proveloz-z40 CRON[20324]: pam_unix(cron:session): session opened for user root by (uid=0)
Oct 30 12:09:01 proveloz-z40 CRON[20324]: pam_unix(cron:session): session closed for user root
Oct 30 12:14:31 proveloz-z40 gdm-password]: gkr-pam: unlocked login keyring
Oct 30 12:17:01 proveloz-z40 CRON[20520]: pam_unix(cron:session): session opened for user root by (uid=0)
Oct 30 12:17:01 proveloz-z40 CRON[20520]: pam_unix(cron:session): session closed for user root
Oct 30 12:30:01 proveloz-z40 CRON[20693]: pam_unix(cron:session): session opened for user root by (uid=0)
Oct 30 12:30:01 proveloz-z40 CRON[20693]: pam_unix(cron:session): session closed for user root
Oct 30 12:39:01 proveloz-z40 CRON[20881]: pam_unix(cron:session): session opened for user root by (uid=0)
Oct 30 12:39:01 proveloz-z40 CRON[20881]: pam_unix(cron:session): session closed for user root
Oct 30 13:02:40 proveloz-z40 systemd-logind[872]: Lid closed.
Oct 30 13:02:40 proveloz-z40 systemd-logind[872]: Suspending...
Oct 30 14:10:05 proveloz-z40 systemd-logind[872]: Lid opened.
Oct 30 14:10:05 proveloz-z40 systemd-logind[872]: Operation 'sleep' finished.
Oct 30 14:10:11 proveloz-z40 gdm-password]: gkr-pam: unlocked login keyring
Oct 30 14:10:12 proveloz-z40 gnome-keyring-daemon[1190]: asked to register item /org/freedesktop/secrets/collection/Dep_c3_b3sito_5fde_5fclaves_5fpredeterminado/1, but it's already registered
Oct 30 14:10:20 proveloz-z40 CRON[21680]: pam_unix(cron:session): session opened for user root by (uid=0)
Oct 30 14:10:20 proveloz-z40 CRON[21680]: pam_unix(cron:session): session closed for user root
Oct 30 14:17:01 proveloz-z40 CRON[21796]: pam_unix(cron:session): session opened for user root by (uid=0)
Oct 30 14:17:01 proveloz-z40 CRON[21796]: pam_unix(cron:session): session closed for user root
Oct 30 14:30:01 proveloz-z40 CRON[21861]: pam_unix(cron:session): session opened for user root by (uid=0)
Oct 30 14:30:01 proveloz-z40 CRON[21861]: pam_unix(cron:session): session closed for user root
Oct 30 14:39:01 proveloz-z40 CRON[21905]: pam_unix(cron:session): session opened for user root by (uid=0)
Oct 30 14:39:01 proveloz-z40 CRON[21905]: pam_unix(cron:session): session closed for user root
Oct 30 14:54:21 proveloz-z40 gdm-password]: gkr-pam: unlocked login keyring
Oct 30 15:00:58 proveloz-z40 gdm-password]: gkr-pam: unlocked login keyring
Oct 30 15:09:01 proveloz-z40 CRON[22249]: pam_unix(cron:session): session opened for user root by (uid=0)
Oct 30 15:09:01 proveloz-z40 CRON[22249]: pam_unix(cron:session): session closed for user root
Oct 30 15:17:01 proveloz-z40 CRON[22365]: pam_unix(cron:session): session opened for user root by (uid=0)
Oct 30 15:17:01 proveloz-z40 CRON[22365]: pam_unix(cron:session): session closed for user root
Oct 30 15:21:19 proveloz-z40 gdm-password]: gkr-pam: unlocked login keyring
Oct 30 15:30:01 proveloz-z40 CRON[22580]: pam_unix(cron:session): session opened for user root by (uid=0)
Oct 30 15:30:01 proveloz-z40 CRON[22580]: pam_unix(cron:session): session closed for user root
Oct 30 15:30:07 proveloz-z40 gdm-password]: gkr-pam: unlocked login keyring
Oct 30 15:39:01 proveloz-z40 CRON[22706]: pam_unix(cron:session): session opened for user root by (uid=0)
Oct 30 15:39:01 proveloz-z40 CRON[22706]: pam_unix(cron:session): session closed for user root
Oct 30 15:54:26 proveloz-z40 gdm-password]: gkr-pam: unlocked login keyring
Oct 30 16:09:01 proveloz-z40 CRON[23057]: pam_unix(cron:session): session opened for user root by (uid=0)
Oct 30 16:09:01 proveloz-z40 CRON[23057]: pam_unix(cron:session): session closed for user root
Oct 30 16:15:57 proveloz-z40 gdm-password]: gkr-pam: unlocked login keyring
Oct 30 16:17:01 proveloz-z40 CRON[23251]: pam_unix(cron:session): session opened for user root by (uid=0)
Oct 30 16:17:01 proveloz-z40 CRON[23251]: pam_unix(cron:session): session closed for user root
Oct 30 16:30:01 proveloz-z40 CRON[23405]: pam_unix(cron:session): session opened for user root by (uid=0)
Oct 30 16:30:01 proveloz-z40 CRON[23405]: pam_unix(cron:session): session closed for user root
Oct 30 16:33:04 proveloz-z40 systemd-logind[872]: Power key pressed.
Oct 30 16:33:09 proveloz-z40 systemd-logind[872]: System is powering down.
Oct 30 16:34:05 proveloz-z40 systemd-logind[856]: New seat seat0.
Oct 30 16:34:05 proveloz-z40 systemd-logind[856]: Watching system buttons on /dev/input/event2 (Power Button)
Oct 30 16:34:05 proveloz-z40 systemd-logind[856]: Watching system buttons on /dev/input/event1 (Power Button)
Oct 30 16:34:05 proveloz-z40 systemd-logind[856]: Watching system buttons on /dev/input/event0 (Lid Switch)
Oct 30 16:34:05 proveloz-z40 systemd-logind[856]: Watching system buttons on /dev/input/event3 (AT Translated Set 2 keyboard)
Oct 30 16:34:05 proveloz-z40 gdm-autologin]: gkr-pam: no password is available for user
Oct 30 16:34:06 proveloz-z40 gdm-autologin]: pam_unix(gdm-autologin:session): session opened for user proveloz by (uid=0)
Oct 30 16:34:06 proveloz-z40 systemd-logind[856]: New session 1 of user proveloz.
Oct 30 16:34:06 proveloz-z40 systemd: pam_unix(systemd-user:session): session opened for user proveloz by (uid=0)
Oct 30 16:34:14 proveloz-z40 polkitd(authority=local): Registered Authentication Agent for unix-session:1 (system bus name :1.60 [/usr/bin/gnome-shell], object path /org/freedesktop/PolicyKit1/AuthenticationAgent, locale es_CL.UTF-8)
Oct 30 16:34:21 proveloz-z40 gnome-keyring-daemon[1195]: asked to register item /org/freedesktop/secrets/collection/Dep_c3_b3sito_5fde_5fclaves_5fpredeterminado/1, but it's already registered
Oct 30 16:35:18 proveloz-z40 PackageKit: uid 1000 is trying to obtain org.freedesktop.packagekit.system-sources-refresh auth (only_trusted:0)
Oct 30 16:35:18 proveloz-z40 PackageKit: uid 1000 obtained auth for org.freedesktop.packagekit.system-sources-refresh
Oct 30 16:35:20 proveloz-z40 pkexec: pam_unix(polkit-1:session): session opened for user root by (uid=1000)
Oct 30 16:35:20 proveloz-z40 pkexec[2518]: proveloz: Executing command [USER=root] [TTY=unknown] [CWD=/home/proveloz] [COMMAND=/usr/lib/update-notifier/package-system-locked]
Oct 30 16:38:18 proveloz-z40 pkexec: pam_unix(polkit-1:session): session opened for user root by (uid=1000)
Oct 30 16:38:18 proveloz-z40 pkexec[3430]: proveloz: Executing command [USER=root] [TTY=unknown] [CWD=/home/proveloz] [COMMAND=/usr/lib/update-notifier/package-system-locked]
Oct 30 16:39:01 proveloz-z40 CRON[4242]: pam_unix(cron:session): session opened for user root by (uid=0)
Oct 30 16:39:01 proveloz-z40 CRON[4242]: pam_unix(cron:session): session closed for user root
Oct 30 17:09:01 proveloz-z40 CRON[5387]: pam_unix(cron:session): session opened for user root by (uid=0)
Oct 30 17:09:01 proveloz-z40 CRON[5387]: pam_unix(cron:session): session closed for user root
Oct 30 17:17:01 proveloz-z40 CRON[5735]: pam_unix(cron:session): session opened for user root by (uid=0)
Oct 30 17:17:01 proveloz-z40 CRON[5735]: pam_unix(cron:session): session closed for user root
Oct 30 17:30:01 proveloz-z40 CRON[6145]: pam_unix(cron:session): session opened for user root by (uid=0)
Oct 30 17:30:01 proveloz-z40 CRON[6145]: pam_unix(cron:session): session closed for user root
Oct 30 17:39:01 proveloz-z40 CRON[6435]: pam_unix(cron:session): session opened for user root by (uid=0)
Oct 30 17:39:01 proveloz-z40 CRON[6435]: pam_unix(cron:session): session closed for user root
Oct 30 18:09:01 proveloz-z40 CRON[6852]: pam_unix(cron:session): session opened for user root by (uid=0)
Oct 30 18:09:01 proveloz-z40 CRON[6852]: pam_unix(cron:session): session closed for user root
Oct 30 18:17:01 proveloz-z40 CRON[6976]: pam_unix(cron:session): session opened for user root by (uid=0)
Oct 30 18:17:01 proveloz-z40 CRON[6976]: pam_unix(cron:session): session closed for user root
Oct 30 18:30:01 proveloz-z40 CRON[7236]: pam_unix(cron:session): session opened for user root by (uid=0)
Oct 30 18:30:01 proveloz-z40 CRON[7236]: pam_unix(cron:session): session closed for user root
Oct 30 18:39:01 proveloz-z40 CRON[7627]: pam_unix(cron:session): session opened for user root by (uid=0)
Oct 30 18:39:01 proveloz-z40 CRON[7627]: pam_unix(cron:session): session closed for user root
Oct 30 19:09:01 proveloz-z40 CRON[8334]: pam_unix(cron:session): session opened for user root by (uid=0)
Oct 30 19:09:01 proveloz-z40 CRON[8334]: pam_unix(cron:session): session closed for user root
Oct 30 19:17:01 proveloz-z40 CRON[8494]: pam_unix(cron:session): session opened for user root by (uid=0)
Oct 30 19:17:01 proveloz-z40 CRON[8494]: pam_unix(cron:session): session closed for user root
Oct 30 19:30:01 proveloz-z40 CRON[8597]: pam_unix(cron:session): session opened for user root by (uid=0)
Oct 30 19:30:01 proveloz-z40 CRON[8597]: pam_unix(cron:session): session closed for user root
Oct 30 19:39:01 proveloz-z40 CRON[8671]: pam_unix(cron:session): session opened for user root by (uid=0)
Oct 30 19:39:01 proveloz-z40 CRON[8671]: pam_unix(cron:session): session closed for user root
Oct 30 20:01:56 proveloz-z40 gdm-password]: gkr-pam: unlocked login keyring
Oct 30 20:02:37 proveloz-z40 systemd-logind[856]: Lid closed.
Oct 30 20:02:37 proveloz-z40 systemd-logind[856]: Suspending...
Oct 31 19:38:14 proveloz-z40 systemd-logind[856]: Lid opened.
Oct 31 19:38:14 proveloz-z40 systemd-logind[856]: Operation 'sleep' finished.
Oct 31 19:38:20 proveloz-z40 gdm-password]: gkr-pam: unlocked login keyring
Oct 31 19:38:48 proveloz-z40 PackageKit: uid 1000 is trying to obtain org.freedesktop.packagekit.system-sources-refresh auth (only_trusted:0)
Oct 31 19:38:48 proveloz-z40 PackageKit: uid 1000 is trying to obtain org.freedesktop.packagekit.system-sources-refresh auth (only_trusted:0)
Oct 31 19:38:48 proveloz-z40 PackageKit: uid 1000 obtained auth for org.freedesktop.packagekit.system-sources-refresh
Oct 31 19:38:48 proveloz-z40 PackageKit: uid 1000 obtained auth for org.freedesktop.packagekit.system-sources-refresh
Oct 31 19:38:49 proveloz-z40 gnome-keyring-daemon[1195]: asked to register item /org/freedesktop/secrets/collection/Dep_c3_b3sito_5fde_5fclaves_5fpredeterminado/1, but it's already registered
Oct 31 19:38:49 proveloz-z40 PackageKit: uid 1000 is trying to obtain org.freedesktop.packagekit.system-sources-refresh auth (only_trusted:0)
Oct 31 19:38:49 proveloz-z40 PackageKit: uid 1000 obtained auth for org.freedesktop.packagekit.system-sources-refresh
Oct 31 19:38:50 proveloz-z40 PackageKit: uid 1000 is trying to obtain org.freedesktop.packagekit.system-sources-refresh auth (only_trusted:0)
Oct 31 19:38:50 proveloz-z40 PackageKit: uid 1000 obtained auth for org.freedesktop.packagekit.system-sources-refresh
Oct 31 19:39:01 proveloz-z40 CRON[11141]: pam_unix(cron:session): session opened for user root by (uid=0)
Oct 31 19:39:01 proveloz-z40 CRON[11141]: pam_unix(cron:session): session closed for user root
Oct 31 19:40:51 proveloz-z40 pkexec: pam_unix(polkit-1:session): session opened for user root by (uid=1000)
Oct 31 19:40:51 proveloz-z40 pkexec[14786]: proveloz: Executing command [USER=root] [TTY=unknown] [CWD=/home/proveloz] [COMMAND=/usr/lib/update-notifier/package-system-locked]
Oct 31 20:09:01 proveloz-z40 CRON[15610]: pam_unix(cron:session): session opened for user root by (uid=0)
Oct 31 20:09:01 proveloz-z40 CRON[15610]: pam_unix(cron:session): session closed for user root
Oct 31 20:15:11 proveloz-z40 gdm-password]: gkr-pam: unlocked login keyring
Oct 31 20:17:01 proveloz-z40 CRON[15852]: pam_unix(cron:session): session opened for user root by (uid=0)
Oct 31 20:17:01 proveloz-z40 CRON[15852]: pam_unix(cron:session): session closed for user root
Oct 31 20:20:41 proveloz-z40 su: pam_unix(su:auth): authentication failure; logname= uid=1000 euid=0 tty=pts/1 ruser=proveloz rhost=  user=root
Oct 31 20:20:44 proveloz-z40 su: FAILED SU (to root) proveloz on pts/1
Oct 31 20:20:47 proveloz-z40 su: pam_unix(su:auth): authentication failure; logname= uid=1000 euid=0 tty=pts/1 ruser=proveloz rhost=  user=root
Oct 31 20:20:49 proveloz-z40 su: FAILED SU (to root) proveloz on pts/1
Oct 31 20:20:56 proveloz-z40 su: pam_unix(su:auth): authentication failure; logname= uid=1000 euid=0 tty=pts/1 ruser=proveloz rhost=  user=root
Oct 31 20:20:58 proveloz-z40 su: FAILED SU (to root) proveloz on pts/1
Oct 31 20:21:04 proveloz-z40 su: pam_unix(su:auth): authentication failure; logname= uid=1000 euid=0 tty=pts/1 ruser=proveloz rhost=  user=root
Oct 31 20:21:06 proveloz-z40 su: FAILED SU (to root) proveloz on pts/1
Oct 31 20:21:11 proveloz-z40 su: pam_unix(su:auth): authentication failure; logname= uid=1000 euid=0 tty=pts/1 ruser=proveloz rhost=  user=root
Oct 31 20:21:13 proveloz-z40 su: FAILED SU (to root) proveloz on pts/1
Oct 31 20:21:25 proveloz-z40 su: pam_unix(su:auth): authentication failure; logname= uid=1000 euid=0 tty=pts/1 ruser=proveloz rhost=  user=root
Oct 31 20:21:27 proveloz-z40 su: FAILED SU (to root) proveloz on pts/1
Oct 31 20:21:31 proveloz-z40 su: (to root) proveloz on pts/1
Oct 31 20:21:31 proveloz-z40 su: pam_unix(su:session): session opened for user root by (uid=1000)
