[    11.616] (--) Log file renamed from "/var/log/Xorg.pid-1202.log" to "/var/log/Xorg.0.log"
[    11.617] 
X.Org X Server 1.20.4
X Protocol Version 11, Revision 0
[    11.617] Build Operating System: Linux 4.4.0-143-generic x86_64 Ubuntu
[    11.617] Current Operating System: Linux proveloz-z40 5.0.0-32-generic #34-Ubuntu SMP Wed Oct 2 02:06:48 UTC 2019 x86_64
[    11.617] Kernel command line: BOOT_IMAGE=/boot/vmlinuz-5.0.0-32-generic root=UUID=d9690e65-40c9-4e64-89ca-9ad20828ebac ro quiet splash vt.handoff=1
[    11.618] Build Date: 03 April 2019  09:03:57AM
[    11.618] xorg-server 2:1.20.4-1ubuntu3 (For technical support please see http://www.ubuntu.com/support) 
[    11.618] Current version of pixman: 0.36.0
[    11.618] 	Before reporting problems, check http://wiki.x.org
	to make sure that you have the latest version.
[    11.618] Markers: (--) probed, (**) from config file, (==) default setting,
	(++) from command line, (!!) notice, (II) informational,
	(WW) warning, (EE) error, (NI) not implemented, (??) unknown.
[    11.618] (==) Log file: "/var/log/Xorg.0.log", Time: Wed Oct 30 16:34:06 2019
[    11.620] (==) Using system config directory "/usr/share/X11/xorg.conf.d"
[    11.621] (==) No Layout section.  Using the first Screen section.
[    11.621] (==) No screen section available. Using defaults.
[    11.621] (**) |-->Screen "Default Screen Section" (0)
[    11.621] (**) |   |-->Monitor "<default monitor>"
[    11.622] (==) No monitor specified for screen "Default Screen Section".
	Using a default monitor configuration.
[    11.623] (==) Automatically adding devices
[    11.623] (==) Automatically enabling devices
[    11.623] (==) Automatically adding GPU devices
[    11.623] (==) Automatically binding GPU devices
[    11.623] (==) Max clients allowed: 256, resource mask: 0x1fffff
[    11.623] (WW) The directory "/usr/share/fonts/X11/cyrillic" does not exist.
[    11.623] 	Entry deleted from font path.
[    11.623] (WW) The directory "/usr/share/fonts/X11/100dpi/" does not exist.
[    11.623] 	Entry deleted from font path.
[    11.623] (WW) The directory "/usr/share/fonts/X11/75dpi/" does not exist.
[    11.623] 	Entry deleted from font path.
[    11.623] (WW) The directory "/usr/share/fonts/X11/100dpi" does not exist.
[    11.623] 	Entry deleted from font path.
[    11.623] (WW) The directory "/usr/share/fonts/X11/75dpi" does not exist.
[    11.623] 	Entry deleted from font path.
[    11.623] (==) FontPath set to:
	/usr/share/fonts/X11/misc,
	/usr/share/fonts/X11/Type1,
	built-ins
[    11.623] (==) ModulePath set to "/usr/lib/xorg/modules"
[    11.623] (II) The server relies on udev to provide the list of input devices.
	If no devices become available, reconfigure udev or disable AutoAddDevices.
[    11.623] (II) Loader magic: 0x559f49814020
[    11.623] (II) Module ABI versions:
[    11.623] 	X.Org ANSI C Emulation: 0.4
[    11.623] 	X.Org Video Driver: 24.0
[    11.623] 	X.Org XInput driver : 24.1
[    11.623] 	X.Org Server Extension : 10.0
[    11.624] (++) using VT number 2

[    11.631] (II) systemd-logind: took control of session /org/freedesktop/login1/session/_31
[    11.633] (II) xfree86: Adding drm device (/dev/dri/card1)
[    11.634] (II) systemd-logind: got fd for /dev/dri/card1 226:1 fd 12 paused 0
[    11.634] (II) xfree86: Adding drm device (/dev/dri/card0)
[    11.636] (II) systemd-logind: got fd for /dev/dri/card0 226:0 fd 13 paused 0
[    11.639] (**) OutputClass "Nvidia Prime" ModulePath extended to "/x86_64-linux-gnu/nvidia/xorg,/usr/lib/xorg/modules"
[    11.639] (**) OutputClass "nvidia" ModulePath extended to "/usr/lib/nvidia-340/xorg,/x86_64-linux-gnu/nvidia/xorg,/usr/lib/xorg/modules"
[    11.639] (**) OutputClass "Nvidia Prime" setting /dev/dri/card0 as PrimaryGPU
[    11.641] (--) PCI: (0@0:2:0) 8086:0a16:17aa:380d rev 11, Mem @ 0xc3000000/4194304, 0xd0000000/268435456, I/O @ 0x00005000/64, BIOS @ 0x????????/131072
[    11.641] (--) PCI:*(3@0:0:0) 10de:1140:17aa:380d rev 161, Mem @ 0xc2000000/16777216, 0xb0000000/268435456, 0xc0000000/33554432, I/O @ 0x00003000/128
[    11.642] (II) LoadModule: "glx"
[    11.643] (II) Loading /usr/lib/nvidia-340/xorg/libglx.so
[    11.745] (II) Module glx: vendor="NVIDIA Corporation"
[    11.745] 	compiled for 4.0.2, module version = 1.0.0
[    11.745] 	Module class: X.Org Server Extension
[    11.747] (II) NVIDIA GLX Module  340.107  Thu May 24 21:40:32 PDT 2018
[    11.748] (II) Applying OutputClass "Nvidia Prime" to /dev/dri/card0
[    11.748] 	loading driver: nvidia
[    11.748] (II) Applying OutputClass "nvidia" to /dev/dri/card0
[    11.748] 	loading driver: nvidia
[    11.999] (==) Matched nvidia as autoconfigured driver 0
[    11.999] (==) Matched nouveau as autoconfigured driver 1
[    11.999] (==) Matched modesetting as autoconfigured driver 2
[    11.999] (==) Matched fbdev as autoconfigured driver 3
[    11.999] (==) Matched vesa as autoconfigured driver 4
[    11.999] (==) Assigned the driver to the xf86ConfigLayout
[    12.000] (II) LoadModule: "nvidia"
[    12.000] (II) Loading /usr/lib/nvidia-340/xorg/nvidia_drv.so
[    12.009] (II) Module nvidia: vendor="NVIDIA Corporation"
[    12.009] 	compiled for 4.0.2, module version = 1.0.0
[    12.009] 	Module class: X.Org Video Driver
[    12.009] (II) LoadModule: "nouveau"
[    12.011] (II) Loading /usr/lib/xorg/modules/drivers/nouveau_drv.so
[    12.013] (II) Module nouveau: vendor="X.Org Foundation"
[    12.013] 	compiled for 1.20.3, module version = 1.0.16
[    12.013] 	Module class: X.Org Video Driver
[    12.013] 	ABI class: X.Org Video Driver, version 24.0
[    12.013] (II) LoadModule: "modesetting"
[    12.014] (II) Loading /usr/lib/xorg/modules/drivers/modesetting_drv.so
[    12.015] (II) Module modesetting: vendor="X.Org Foundation"
[    12.015] 	compiled for 1.20.4, module version = 1.20.4
[    12.015] 	Module class: X.Org Video Driver
[    12.015] 	ABI class: X.Org Video Driver, version 24.0
[    12.015] (II) LoadModule: "fbdev"
[    12.015] (II) Loading /usr/lib/xorg/modules/drivers/fbdev_drv.so
[    12.016] (II) Module fbdev: vendor="X.Org Foundation"
[    12.016] 	compiled for 1.20.1, module version = 0.5.0
[    12.016] 	Module class: X.Org Video Driver
[    12.016] 	ABI class: X.Org Video Driver, version 24.0
[    12.016] (II) LoadModule: "vesa"
[    12.016] (II) Loading /usr/lib/xorg/modules/drivers/vesa_drv.so
[    12.017] (II) Module vesa: vendor="X.Org Foundation"
[    12.017] 	compiled for 1.20.4, module version = 2.4.0
[    12.017] 	Module class: X.Org Video Driver
[    12.017] 	ABI class: X.Org Video Driver, version 24.0
[    12.017] (II) NVIDIA dlloader X Driver  340.107  Thu May 24 21:18:05 PDT 2018
[    12.017] (II) NVIDIA Unified Driver for all Supported NVIDIA GPUs
[    12.017] (II) NOUVEAU driver Date:   Mon Jan 28 23:25:58 2019 -0500
[    12.018] (II) NOUVEAU driver for NVIDIA chipset families :
[    12.018] 	RIVA TNT            (NV04)
[    12.018] 	RIVA TNT2           (NV05)
[    12.018] 	GeForce 256         (NV10)
[    12.018] 	GeForce 2           (NV11, NV15)
[    12.018] 	GeForce 4MX         (NV17, NV18)
[    12.018] 	GeForce 3           (NV20)
[    12.018] 	GeForce 4Ti         (NV25, NV28)
[    12.018] 	GeForce FX          (NV3x)
[    12.019] 	GeForce 6           (NV4x)
[    12.019] 	GeForce 7           (G7x)
[    12.019] 	GeForce 8           (G8x)
[    12.019] 	GeForce 9           (G9x)
[    12.019] 	GeForce GTX 2xx/3xx (GT2xx)
[    12.019] 	GeForce GTX 4xx/5xx (GFxxx)
[    12.019] 	GeForce GTX 6xx/7xx (GKxxx)
[    12.019] 	GeForce GTX 9xx     (GMxxx)
[    12.019] 	GeForce GTX 10xx    (GPxxx)
[    12.019] (II) modesetting: Driver for Modesetting Kernel Drivers: kms
[    12.019] (II) FBDEV: driver for framebuffer: fbdev
[    12.019] (II) VESA: driver for VESA chipsets: vesa
[    12.020] (II) Loading sub module "fb"
[    12.020] (II) LoadModule: "fb"
[    12.021] (II) Loading /usr/lib/xorg/modules/libfb.so
[    12.022] (II) Module fb: vendor="X.Org Foundation"
[    12.022] 	compiled for 1.20.4, module version = 1.0.0
[    12.022] 	ABI class: X.Org ANSI C Emulation, version 0.4
[    12.022] (WW) Unresolved symbol: fbGetGCPrivateKey
[    12.022] (II) Loading sub module "wfb"
[    12.022] (II) LoadModule: "wfb"
[    12.022] (II) Loading /usr/lib/xorg/modules/libwfb.so
[    12.024] (II) Module wfb: vendor="X.Org Foundation"
[    12.024] 	compiled for 1.20.4, module version = 1.0.0
[    12.024] 	ABI class: X.Org ANSI C Emulation, version 0.4
[    12.024] (II) Loading sub module "ramdac"
[    12.024] (II) LoadModule: "ramdac"
[    12.024] (II) Module "ramdac" already built-in
[    12.026] (WW) Falling back to old probe method for modesetting
[    12.026] (WW) Falling back to old probe method for fbdev
[    12.026] (II) Loading sub module "fbdevhw"
[    12.026] (II) LoadModule: "fbdevhw"
[    12.026] (II) Loading /usr/lib/xorg/modules/libfbdevhw.so
[    12.027] (II) Module fbdevhw: vendor="X.Org Foundation"
[    12.027] 	compiled for 1.20.4, module version = 0.0.2
[    12.027] 	ABI class: X.Org Video Driver, version 24.0
[    12.027] (II) modeset(G0): using drv /dev/dri/card1
[    12.027] (II) NVIDIA(0): Creating default Display subsection in Screen section
	"Default Screen Section" for depth/fbbpp 24/32
[    12.027] (==) NVIDIA(0): Depth 24, (==) framebuffer bpp 32
[    12.027] (==) NVIDIA(0): RGB weight 888
[    12.027] (==) NVIDIA(0): Default visual is TrueColor
[    12.027] (==) NVIDIA(0): Using gamma correction (1.0, 1.0, 1.0)
[    12.028] (II) Applying OutputClass "Nvidia Prime" options to /dev/dri/card0
[    12.028] (**) NVIDIA(0): Option "AllowEmptyInitialConfiguration"
[    12.028] (**) NVIDIA(0): Option "IgnoreDisplayDevices" "CRT"
[    12.028] (**) NVIDIA(0): Enabling 2D acceleration
[    12.150] (II) NVIDIA(GPU-0): Found DRM driver nvidia-drm (20150116)
[    12.152] (II) NVIDIA(0): NVIDIA GPU GeForce 820M (GF117) at PCI:3:0:0 (GPU-0)
[    12.152] (--) NVIDIA(0): Memory: 2097152 kBytes
[    12.152] (--) NVIDIA(0): VideoBIOS: 75.17.79.00.0f
[    12.152] (II) NVIDIA(0): Detected PCI Express Link width: 8X
[    12.152] (--) NVIDIA(0): Valid display device(s) on GeForce 820M at PCI:3:0:0
[    12.152] (--) NVIDIA(0):     none
[    12.152] (II) NVIDIA(0): Validated MetaModes:
[    12.152] (II) NVIDIA(0):     "NULL"
[    12.152] (II) NVIDIA(0): Virtual screen size determined to be 640 x 480
[    12.152] (WW) NVIDIA(0): Unable to get display device for DPI computation.
[    12.152] (==) NVIDIA(0): DPI set to (75, 75); computed from built-in default
[    12.152] (==) modeset(G0): Depth 24, (==) framebuffer bpp 32
[    12.152] (==) modeset(G0): RGB weight 888
[    12.152] (==) modeset(G0): Default visual is TrueColor
[    12.152] (II) Loading sub module "glamoregl"
[    12.152] (II) LoadModule: "glamoregl"
[    12.152] (II) Loading /usr/lib/xorg/modules/libglamoregl.so
[    12.163] (II) Module glamoregl: vendor="X.Org Foundation"
[    12.163] 	compiled for 1.20.4, module version = 1.0.1
[    12.163] 	ABI class: X.Org ANSI C Emulation, version 0.4
[    12.221] (EE) modeset(G0): eglGetDisplay() failed
[    12.223] (EE) modeset(G0): glamor initialization failed
[    12.223] (II) modeset(G0): ShadowFB: preferred YES, enabled YES
[    12.223] (II) modeset(G0): Double-buffered shadow updates: off
[    12.224] (II) modeset(G0): Output eDP-1-1 has no monitor section
[    12.226] (II) modeset(G0): Output HDMI-1-1 has no monitor section
[    12.226] (II) modeset(G0): Output DP-1-1 has no monitor section
[    12.228] (II) modeset(G0): Output HDMI-1-2 has no monitor section
[    12.229] (II) modeset(G0): EDID for output eDP-1-1
[    12.229] (II) modeset(G0): Manufacturer: LGD  Model: 44c  Serial#: 0
[    12.229] (II) modeset(G0): Year: 2013  Week: 0
[    12.229] (II) modeset(G0): EDID Version: 1.4
[    12.229] (II) modeset(G0): Digital Display Input
[    12.229] (II) modeset(G0): 6 bits per channel
[    12.229] (II) modeset(G0): Digital interface is DisplayPort
[    12.229] (II) modeset(G0): Max Image Size [cm]: horiz.: 31  vert.: 17
[    12.229] (II) modeset(G0): Gamma: 2.20
[    12.229] (II) modeset(G0): DPMS capabilities: StandBy Suspend Off
[    12.229] (II) modeset(G0): Supported color encodings: RGB 4:4:4 YCrCb 4:4:4 
[    12.229] (II) modeset(G0): First detailed timing is preferred mode
[    12.229] (II) modeset(G0): Preferred mode is native pixel format and refresh rate
[    12.230] (II) modeset(G0): redX: 0.579 redY: 0.344   greenX: 0.338 greenY: 0.569
[    12.230] (II) modeset(G0): blueX: 0.158 blueY: 0.124   whiteX: 0.313 whiteY: 0.329
[    12.230] (II) modeset(G0): Manufacturer's mask: 0
[    12.230] (II) modeset(G0): Supported detailed timing:
[    12.230] (II) modeset(G0): clock: 76.3 MHz   Image Size:  310 x 174 mm
[    12.230] (II) modeset(G0): h_active: 1366  h_sync: 1414  h_sync_end 1446 h_blank_end 1610 h_border: 0
[    12.230] (II) modeset(G0): v_active: 768  v_sync: 771  v_sync_end 776 v_blanking: 790 v_border: 0
[    12.230] (II) modeset(G0):  LG Display
[    12.230] (II) modeset(G0):  LP140WH2-TPSH
[    12.230] (II) modeset(G0): EDID (in hex):
[    12.230] (II) modeset(G0): 	00ffffffffffff0030e44c0400000000
[    12.230] (II) modeset(G0): 	00170104951f1178ea4bb59458569128
[    12.230] (II) modeset(G0): 	1f505400000001010101010101010101
[    12.230] (II) modeset(G0): 	010101010101ce1d56f4500016303020
[    12.230] (II) modeset(G0): 	350036ae100000190000000000000000
[    12.230] (II) modeset(G0): 	00000000000000000000000000fe004c
[    12.230] (II) modeset(G0): 	4720446973706c61790a2020000000fe
[    12.230] (II) modeset(G0): 	004c503134305748322d5450534800f7
[    12.230] (II) modeset(G0): Printing probed modes for output eDP-1-1
[    12.231] (II) modeset(G0): Modeline "1366x768"x60.0   76.30  1366 1414 1446 1610  768 771 776 790 -hsync -vsync (47.4 kHz eP)
[    12.231] (II) modeset(G0): Modeline "1360x768"x59.8   84.75  1360 1432 1568 1776  768 771 781 798 -hsync +vsync (47.7 kHz d)
[    12.231] (II) modeset(G0): Modeline "1360x768"x60.0   72.00  1360 1408 1440 1520  768 771 781 790 +hsync -vsync (47.4 kHz d)
[    12.231] (II) modeset(G0): Modeline "1280x720"x120.0  156.12  1280 1376 1512 1744  720 721 724 746 doublescan -hsync +vsync (89.5 kHz d)
[    12.231] (II) modeset(G0): Modeline "1280x720"x120.0  120.75  1280 1304 1320 1360  720 721 724 740 doublescan +hsync -vsync (88.8 kHz d)
[    12.231] (II) modeset(G0): Modeline "1280x720"x59.9   74.50  1280 1344 1472 1664  720 723 728 748 -hsync +vsync (44.8 kHz d)
[    12.231] (II) modeset(G0): Modeline "1280x720"x59.7   63.75  1280 1328 1360 1440  720 723 728 741 +hsync -vsync (44.3 kHz d)
[    12.231] (II) modeset(G0): Modeline "1024x768"x120.1  133.47  1024 1100 1212 1400  768 768 770 794 doublescan -hsync +vsync (95.3 kHz d)
[    12.231] (II) modeset(G0): Modeline "1024x768"x60.0   65.00  1024 1048 1184 1344  768 771 777 806 -hsync -vsync (48.4 kHz d)
[    12.231] (II) modeset(G0): Modeline "960x720"x120.0  117.00  960 1024 1128 1300  720 720 722 750 doublescan -hsync +vsync (90.0 kHz d)
[    12.231] (II) modeset(G0): Modeline "928x696"x120.1  109.15  928 976 1088 1264  696 696 698 719 doublescan -hsync +vsync (86.4 kHz d)
[    12.231] (II) modeset(G0): Modeline "896x672"x120.0  102.40  896 960 1060 1224  672 672 674 697 doublescan -hsync +vsync (83.7 kHz d)
[    12.231] (II) modeset(G0): Modeline "1024x576"x119.9   98.50  1024 1092 1200 1376  576 577 580 597 doublescan -hsync +vsync (71.6 kHz d)
[    12.231] (II) modeset(G0): Modeline "1024x576"x119.9   78.38  1024 1048 1064 1104  576 577 580 592 doublescan +hsync -vsync (71.0 kHz d)
[    12.231] (II) modeset(G0): Modeline "1024x576"x59.9   46.50  1024 1064 1160 1296  576 579 584 599 -hsync +vsync (35.9 kHz d)
[    12.231] (II) modeset(G0): Modeline "1024x576"x59.8   42.00  1024 1072 1104 1184  576 579 584 593 +hsync -vsync (35.5 kHz d)
[    12.231] (II) modeset(G0): Modeline "960x600"x119.9   96.62  960 1028 1128 1296  600 601 604 622 doublescan -hsync +vsync (74.6 kHz d)
[    12.231] (II) modeset(G0): Modeline "960x600"x120.0   77.00  960 984 1000 1040  600 601 604 617 doublescan +hsync -vsync (74.0 kHz d)
[    12.231] (II) modeset(G0): Modeline "960x540"x119.9   86.50  960 1024 1124 1288  540 541 544 560 doublescan -hsync +vsync (67.2 kHz d)
[    12.231] (II) modeset(G0): Modeline "960x540"x120.0   69.25  960 984 1000 1040  540 541 544 555 doublescan +hsync -vsync (66.6 kHz d)
[    12.231] (II) modeset(G0): Modeline "960x540"x59.6   40.75  960 992 1088 1216  540 543 548 562 -hsync +vsync (33.5 kHz d)
[    12.231] (II) modeset(G0): Modeline "960x540"x59.8   37.25  960 1008 1040 1120  540 543 548 556 +hsync -vsync (33.3 kHz d)
[    12.231] (II) modeset(G0): Modeline "800x600"x120.0   81.00  800 832 928 1080  600 600 602 625 doublescan +hsync +vsync (75.0 kHz d)
[    12.232] (II) modeset(G0): Modeline "800x600"x60.3   40.00  800 840 968 1056  600 601 605 628 +hsync +vsync (37.9 kHz d)
[    12.232] (II) modeset(G0): Modeline "800x600"x56.2   36.00  800 824 896 1024  600 601 603 625 +hsync +vsync (35.2 kHz d)
[    12.232] (II) modeset(G0): Modeline "840x525"x120.0   73.12  840 892 980 1120  525 526 529 544 doublescan -hsync +vsync (65.3 kHz d)
[    12.232] (II) modeset(G0): Modeline "840x525"x119.8   59.50  840 864 880 920  525 526 529 540 doublescan +hsync -vsync (64.7 kHz d)
[    12.232] (II) modeset(G0): Modeline "864x486"x59.9   32.50  864 888 968 1072  486 489 494 506 -hsync +vsync (30.3 kHz d)
[    12.232] (II) modeset(G0): Modeline "864x486"x59.6   30.50  864 912 944 1024  486 489 494 500 +hsync -vsync (29.8 kHz d)
[    12.232] (II) modeset(G0): Modeline "800x512"x120.3   51.56  800 800 828 832  512 512 514 515 doublescan +hsync +vsync (62.0 kHz d)
[    12.232] (II) modeset(G0): Modeline "700x525"x120.0   61.00  700 744 820 940  525 526 532 541 doublescan +hsync +vsync (64.9 kHz d)
[    12.232] (II) modeset(G0): Modeline "800x450"x119.9   59.12  800 848 928 1056  450 451 454 467 doublescan -hsync +vsync (56.0 kHz d)
[    12.232] (II) modeset(G0): Modeline "800x450"x119.6   48.75  800 824 840 880  450 451 454 463 doublescan +hsync -vsync (55.4 kHz d)
[    12.232] (II) modeset(G0): Modeline "640x512"x120.0   54.00  640 664 720 844  512 512 514 533 doublescan +hsync +vsync (64.0 kHz d)
[    12.232] (II) modeset(G0): Modeline "720x450"x119.8   53.25  720 760 836 952  450 451 454 467 doublescan -hsync +vsync (55.9 kHz d)
[    12.232] (II) modeset(G0): Modeline "700x450"x119.9   51.75  700 740 812 924  450 451 456 467 doublescan -hsync +vsync (56.0 kHz d)
[    12.232] (II) modeset(G0): Modeline "700x450"x119.8   43.25  700 724 740 780  450 451 456 463 doublescan +hsync -vsync (55.4 kHz d)
[    12.232] (II) modeset(G0): Modeline "640x480"x120.0   54.00  640 688 744 900  480 480 482 500 doublescan +hsync +vsync (60.0 kHz d)
[    12.232] (II) modeset(G0): Modeline "640x480"x59.9   25.18  640 656 752 800  480 490 492 525 -hsync -vsync (31.5 kHz d)
[    12.232] (II) modeset(G0): Modeline "720x405"x59.5   22.50  720 744 808 896  405 408 413 422 -hsync +vsync (25.1 kHz d)
[    12.232] (II) modeset(G0): Modeline "720x405"x59.0   21.75  720 768 800 880  405 408 413 419 +hsync -vsync (24.7 kHz d)
[    12.232] (II) modeset(G0): Modeline "684x384"x119.8   42.62  684 720 788 892  384 385 390 399 doublescan -hsync +vsync (47.8 kHz d)
[    12.232] (II) modeset(G0): Modeline "684x384"x119.7   36.12  684 708 724 764  384 385 390 395 doublescan +hsync -vsync (47.3 kHz d)
[    12.232] (II) modeset(G0): Modeline "680x384"x119.6   42.38  680 716 784 888  384 385 390 399 doublescan -hsync +vsync (47.7 kHz d)
[    12.232] (II) modeset(G0): Modeline "680x384"x119.9   36.00  680 704 720 760  384 385 390 395 doublescan +hsync -vsync (47.4 kHz d)
[    12.232] (II) modeset(G0): Modeline "640x400"x119.8   41.75  640 676 740 840  400 401 404 415 doublescan -hsync +vsync (49.7 kHz d)
[    12.232] (II) modeset(G0): Modeline "640x400"x120.0   35.50  640 664 680 720  400 401 404 411 doublescan +hsync -vsync (49.3 kHz d)
[    12.232] (II) modeset(G0): Modeline "576x432"x120.1   40.81  576 608 668 760  432 432 434 447 doublescan -hsync +vsync (53.7 kHz d)
[    12.232] (II) modeset(G0): Modeline "640x360"x119.7   37.25  640 672 736 832  360 361 364 374 doublescan -hsync +vsync (44.8 kHz d)
[    12.232] (II) modeset(G0): Modeline "640x360"x119.7   31.88  640 664 680 720  360 361 364 370 doublescan +hsync -vsync (44.3 kHz d)
[    12.232] (II) modeset(G0): Modeline "640x360"x59.8   18.00  640 664 720 800  360 363 368 376 -hsync +vsync (22.5 kHz d)
[    12.232] (II) modeset(G0): Modeline "640x360"x59.3   17.75  640 688 720 800  360 363 368 374 +hsync -vsync (22.2 kHz d)
[    12.232] (II) modeset(G0): Modeline "512x384"x120.0   32.50  512 524 592 672  384 385 388 403 doublescan -hsync -vsync (48.4 kHz d)
[    12.232] (II) modeset(G0): Modeline "512x288"x120.0   23.25  512 532 580 648  288 289 292 299 doublescan -hsync +vsync (35.9 kHz d)
[    12.232] (II) modeset(G0): Modeline "512x288"x119.8   21.00  512 536 552 592  288 289 292 296 doublescan +hsync -vsync (35.5 kHz d)
[    12.232] (II) modeset(G0): Modeline "480x270"x119.3   20.38  480 496 544 608  270 271 274 281 doublescan -hsync +vsync (33.5 kHz d)
[    12.232] (II) modeset(G0): Modeline "480x270"x119.6   18.62  480 504 520 560  270 271 274 278 doublescan +hsync -vsync (33.3 kHz d)
[    12.232] (II) modeset(G0): Modeline "400x300"x120.6   20.00  400 420 484 528  300 300 302 314 doublescan +hsync +vsync (37.9 kHz d)
[    12.232] (II) modeset(G0): Modeline "400x300"x112.7   18.00  400 412 448 512  300 300 301 312 doublescan +hsync +vsync (35.2 kHz d)
[    12.232] (II) modeset(G0): Modeline "432x243"x119.8   16.25  432 444 484 536  243 244 247 253 doublescan -hsync +vsync (30.3 kHz d)
[    12.232] (II) modeset(G0): Modeline "432x243"x119.1   15.25  432 456 472 512  243 244 247 250 doublescan +hsync -vsync (29.8 kHz d)
[    12.233] (II) modeset(G0): Modeline "320x240"x120.1   12.59  320 328 376 400  240 245 246 262 doublescan -hsync -vsync (31.5 kHz d)
[    12.233] (II) modeset(G0): Modeline "360x202"x119.0   11.25  360 372 404 448  202 204 206 211 doublescan -hsync +vsync (25.1 kHz d)
[    12.233] (II) modeset(G0): Modeline "360x202"x118.3   10.88  360 384 400 440  202 204 206 209 doublescan +hsync -vsync (24.7 kHz d)
[    12.233] (II) modeset(G0): Modeline "320x180"x119.7    9.00  320 332 360 400  180 181 184 188 doublescan -hsync +vsync (22.5 kHz d)
[    12.233] (II) modeset(G0): Modeline "320x180"x118.6    8.88  320 344 360 400  180 181 184 187 doublescan +hsync -vsync (22.2 kHz d)
[    12.234] (II) modeset(G0): EDID for output HDMI-1-1
[    12.234] (II) modeset(G0): EDID for output DP-1-1
[    12.236] (II) modeset(G0): EDID for output HDMI-1-2
[    12.236] (==) modeset(G0): Using gamma correction (1.0, 1.0, 1.0)
[    12.236] (==) modeset(G0): DPI set to (96, 96)
[    12.236] (II) Loading sub module "fb"
[    12.236] (II) LoadModule: "fb"
[    12.236] (II) Loading /usr/lib/xorg/modules/libfb.so
[    12.236] (II) Module fb: vendor="X.Org Foundation"
[    12.236] 	compiled for 1.20.4, module version = 1.0.0
[    12.236] 	ABI class: X.Org ANSI C Emulation, version 0.4
[    12.236] (II) Loading sub module "shadow"
[    12.236] (II) LoadModule: "shadow"
[    12.236] (II) Loading /usr/lib/xorg/modules/libshadow.so
[    12.237] (II) Module shadow: vendor="X.Org Foundation"
[    12.237] 	compiled for 1.20.4, module version = 1.1.0
[    12.237] 	ABI class: X.Org ANSI C Emulation, version 0.4
[    12.237] (II) UnloadModule: "nouveau"
[    12.237] (II) Unloading nouveau
[    12.237] (II) UnloadModule: "fbdev"
[    12.237] (II) Unloading fbdev
[    12.237] (II) UnloadSubModule: "fbdevhw"
[    12.237] (II) Unloading fbdevhw
[    12.237] (II) UnloadModule: "vesa"
[    12.237] (II) Unloading vesa
[    12.239] (==) modeset(G0): Backing store enabled
[    12.239] (==) modeset(G0): Silken mouse enabled
[    12.295] (II) modeset(G0): Initializing kms color map for depth 24, 8 bpc.
[    12.295] (==) modeset(G0): DPMS enabled
[    12.295] (II) NVIDIA: Using 3072.00 MB of virtual memory for indirect memory
[    12.295] (II) NVIDIA:     access.
[    12.300] (II) NVIDIA(0): Setting mode "NULL"
[    12.300] (EE) NVIDIA(0): Failed to initiate mode change.
[    12.300] (EE) NVIDIA(0): Failed to complete mode change
[    12.319] (II) NVIDIA(0): Built-in logo is bigger than the screen.
[    12.324] (==) NVIDIA(0): Disabling shared memory pixmaps
[    12.324] (==) NVIDIA(0): Backing store enabled
[    12.324] (==) NVIDIA(0): Silken mouse enabled
[    12.325] (==) NVIDIA(0): DPMS enabled
[    12.325] (WW) NVIDIA(0): Option "PrimaryGPU" is not used
[    12.325] (II) Loading sub module "dri2"
[    12.325] (II) LoadModule: "dri2"
[    12.325] (II) Module "dri2" already built-in
[    12.325] (II) NVIDIA(0): [DRI2] Setup complete
[    12.325] (II) NVIDIA(0): [DRI2]   VDPAU driver: nvidia
[    12.325] (II) Initializing extension Generic Event Extension
[    12.326] (II) Initializing extension SHAPE
[    12.326] (II) Initializing extension MIT-SHM
[    12.326] (II) Initializing extension XInputExtension
[    12.327] (II) Initializing extension XTEST
[    12.327] (II) Initializing extension BIG-REQUESTS
[    12.327] (II) Initializing extension SYNC
[    12.327] (II) Initializing extension XKEYBOARD
[    12.327] (II) Initializing extension XC-MISC
[    12.328] (II) Initializing extension SECURITY
[    12.328] (II) Initializing extension XFIXES
[    12.328] (II) Initializing extension RENDER
[    12.328] (II) Initializing extension RANDR
[    12.328] (II) Initializing extension COMPOSITE
[    12.329] (II) Initializing extension DAMAGE
[    12.329] (II) Initializing extension MIT-SCREEN-SAVER
[    12.329] (II) Initializing extension DOUBLE-BUFFER
[    12.329] (II) Initializing extension RECORD
[    12.329] (II) Initializing extension DPMS
[    12.329] (II) Initializing extension Present
[    12.330] (II) Initializing extension DRI3
[    12.330] (II) Initializing extension X-Resource
[    12.330] (II) Initializing extension XVideo
[    12.330] (II) Initializing extension XVideo-MotionCompensation
[    12.330] (II) Initializing extension SELinux
[    12.330] (II) SELinux: Disabled on system
[    12.330] (II) Initializing extension XFree86-VidModeExtension
[    12.330] (II) Initializing extension XFree86-DGA
[    12.330] (II) Initializing extension XFree86-DRI
[    12.331] (II) Initializing extension DRI2
[    12.331] (II) Initializing extension GLX
[    12.331] (II) Initializing extension GLX
[    12.331] (II) Indirect GLX disabled.(II) Initializing extension NV-GLX
[    12.332] (II) Initializing extension NV-CONTROL
[    12.613] (II) modeset(G0): Damage tracking initialized
[    12.701] (II) config/udev: Adding input device Power Button (/dev/input/event2)
[    12.701] (**) Power Button: Applying InputClass "libinput keyboard catchall"
[    12.701] (II) LoadModule: "libinput"
[    12.701] (II) Loading /usr/lib/xorg/modules/input/libinput_drv.so
[    12.706] (II) Module libinput: vendor="X.Org Foundation"
[    12.706] 	compiled for 1.20.4, module version = 0.28.2
[    12.706] 	Module class: X.Org XInput Driver
[    12.706] 	ABI class: X.Org XInput driver, version 24.1
[    12.706] (II) Using input driver 'libinput' for 'Power Button'
[    12.707] (II) systemd-logind: got fd for /dev/input/event2 13:66 fd 39 paused 0
[    12.707] (**) Power Button: always reports core events
[    12.707] (**) Option "Device" "/dev/input/event2"
[    12.708] (**) Option "_source" "server/udev"
[    12.714] (II) event2  - Power Button: is tagged by udev as: Keyboard
[    12.714] (II) event2  - Power Button: device is a keyboard
[    12.714] (II) event2  - Power Button: device removed
[    12.714] (**) Option "config_info" "udev:/sys/devices/LNXSYSTM:00/LNXPWRBN:00/input/input2/event2"
[    12.715] (II) XINPUT: Adding extended input device "Power Button" (type: KEYBOARD, id 6)
[    12.715] (**) Option "xkb_layout" "latam"
[    12.742] (II) event2  - Power Button: is tagged by udev as: Keyboard
[    12.742] (II) event2  - Power Button: device is a keyboard
[    12.743] (II) config/udev: Adding input device Video Bus (/dev/input/event9)
[    12.743] (**) Video Bus: Applying InputClass "libinput keyboard catchall"
[    12.743] (II) Using input driver 'libinput' for 'Video Bus'
[    12.744] (II) systemd-logind: got fd for /dev/input/event9 13:73 fd 42 paused 0
[    12.744] (**) Video Bus: always reports core events
[    12.744] (**) Option "Device" "/dev/input/event9"
[    12.745] (**) Option "_source" "server/udev"
[    12.746] (II) event9  - Video Bus: is tagged by udev as: Keyboard
[    12.746] (II) event9  - Video Bus: device is a keyboard
[    12.746] (II) event9  - Video Bus: device removed
[    12.746] (**) Option "config_info" "udev:/sys/devices/LNXSYSTM:00/LNXSYBUS:00/PNP0A08:00/LNXVIDEO:01/input/input10/event9"
[    12.746] (II) XINPUT: Adding extended input device "Video Bus" (type: KEYBOARD, id 7)
[    12.746] (**) Option "xkb_layout" "latam"
[    12.748] (II) event9  - Video Bus: is tagged by udev as: Keyboard
[    12.748] (II) event9  - Video Bus: device is a keyboard
[    12.749] (II) config/udev: Adding input device Video Bus (/dev/input/event8)
[    12.749] (**) Video Bus: Applying InputClass "libinput keyboard catchall"
[    12.749] (II) Using input driver 'libinput' for 'Video Bus'
[    12.750] (II) systemd-logind: got fd for /dev/input/event8 13:72 fd 43 paused 0
[    12.750] (**) Video Bus: always reports core events
[    12.750] (**) Option "Device" "/dev/input/event8"
[    12.750] (**) Option "_source" "server/udev"
[    12.752] (II) event8  - Video Bus: is tagged by udev as: Keyboard
[    12.752] (II) event8  - Video Bus: device is a keyboard
[    12.752] (II) event8  - Video Bus: device removed
[    12.752] (**) Option "config_info" "udev:/sys/devices/LNXSYSTM:00/LNXSYBUS:00/PNP0A08:00/device:31/LNXVIDEO:00/input/input9/event8"
[    12.752] (II) XINPUT: Adding extended input device "Video Bus" (type: KEYBOARD, id 8)
[    12.752] (**) Option "xkb_layout" "latam"
[    12.754] (II) event8  - Video Bus: is tagged by udev as: Keyboard
[    12.754] (II) event8  - Video Bus: device is a keyboard
[    12.755] (II) config/udev: Adding input device Power Button (/dev/input/event1)
[    12.755] (**) Power Button: Applying InputClass "libinput keyboard catchall"
[    12.755] (II) Using input driver 'libinput' for 'Power Button'
[    12.756] (II) systemd-logind: got fd for /dev/input/event1 13:65 fd 44 paused 0
[    12.756] (**) Power Button: always reports core events
[    12.756] (**) Option "Device" "/dev/input/event1"
[    12.756] (**) Option "_source" "server/udev"
[    12.757] (II) event1  - Power Button: is tagged by udev as: Keyboard
[    12.757] (II) event1  - Power Button: device is a keyboard
[    12.757] (II) event1  - Power Button: device removed
[    12.757] (**) Option "config_info" "udev:/sys/devices/LNXSYSTM:00/LNXSYBUS:00/PNP0C0C:00/input/input1/event1"
[    12.757] (II) XINPUT: Adding extended input device "Power Button" (type: KEYBOARD, id 9)
[    12.758] (**) Option "xkb_layout" "latam"
[    12.759] (II) event1  - Power Button: is tagged by udev as: Keyboard
[    12.759] (II) event1  - Power Button: device is a keyboard
[    12.760] (II) config/udev: Adding input device Lid Switch (/dev/input/event0)
[    12.760] (II) No input driver specified, ignoring this device.
[    12.760] (II) This device may have been added with another device file.
[    12.762] (II) config/udev: Adding input device HDA Intel HDMI HDMI/DP,pcm=3 (/dev/input/event12)
[    12.762] (II) No input driver specified, ignoring this device.
[    12.762] (II) This device may have been added with another device file.
[    12.762] (II) config/udev: Adding input device HDA Intel HDMI HDMI/DP,pcm=7 (/dev/input/event13)
[    12.762] (II) No input driver specified, ignoring this device.
[    12.762] (II) This device may have been added with another device file.
[    12.763] (II) config/udev: Adding input device HDA Intel HDMI HDMI/DP,pcm=8 (/dev/input/event14)
[    12.763] (II) No input driver specified, ignoring this device.
[    12.763] (II) This device may have been added with another device file.
[    12.764] (II) config/udev: Adding input device HDA Intel HDMI HDMI/DP,pcm=9 (/dev/input/event15)
[    12.764] (II) No input driver specified, ignoring this device.
[    12.764] (II) This device may have been added with another device file.
[    12.765] (II) config/udev: Adding input device HDA Intel HDMI HDMI/DP,pcm=10 (/dev/input/event16)
[    12.765] (II) No input driver specified, ignoring this device.
[    12.765] (II) This device may have been added with another device file.
[    12.766] (II) config/udev: Adding input device PixArt USB Optical Mouse (/dev/input/event5)
[    12.766] (**) PixArt USB Optical Mouse: Applying InputClass "libinput pointer catchall"
[    12.766] (II) Using input driver 'libinput' for 'PixArt USB Optical Mouse'
[    12.767] (II) systemd-logind: got fd for /dev/input/event5 13:69 fd 45 paused 0
[    12.767] (**) PixArt USB Optical Mouse: always reports core events
[    12.768] (**) Option "Device" "/dev/input/event5"
[    12.768] (**) Option "_source" "server/udev"
[    12.769] (II) event5  - PixArt USB Optical Mouse: is tagged by udev as: Mouse
[    12.769] (II) event5  - PixArt USB Optical Mouse: device set to 1000 DPI
[    12.769] (II) event5  - PixArt USB Optical Mouse: device is a pointer
[    12.770] (II) event5  - PixArt USB Optical Mouse: device removed
[    12.770] (**) Option "config_info" "udev:/sys/devices/pci0000:00/0000:00:14.0/usb2/2-2/2-2:1.0/0003:093A:2510.0001/input/input6/event5"
[    12.770] (II) XINPUT: Adding extended input device "PixArt USB Optical Mouse" (type: MOUSE, id 10)
[    12.770] (**) Option "AccelerationScheme" "none"
[    12.770] (**) PixArt USB Optical Mouse: (accel) selected scheme none/0
[    12.770] (**) PixArt USB Optical Mouse: (accel) acceleration factor: 2.000
[    12.770] (**) PixArt USB Optical Mouse: (accel) acceleration threshold: 4
[    12.772] (II) event5  - PixArt USB Optical Mouse: is tagged by udev as: Mouse
[    12.772] (II) event5  - PixArt USB Optical Mouse: device set to 1000 DPI
[    12.772] (II) event5  - PixArt USB Optical Mouse: device is a pointer
[    12.773] (II) config/udev: Adding input device PixArt USB Optical Mouse (/dev/input/mouse1)
[    12.773] (II) No input driver specified, ignoring this device.
[    12.773] (II) This device may have been added with another device file.
[    12.774] (II) config/udev: Adding input device Lenovo EasyCamera: Lenovo EasyC (/dev/input/event7)
[    12.774] (**) Lenovo EasyCamera: Lenovo EasyC: Applying InputClass "libinput keyboard catchall"
[    12.775] (II) Using input driver 'libinput' for 'Lenovo EasyCamera: Lenovo EasyC'
[    12.776] (II) systemd-logind: got fd for /dev/input/event7 13:71 fd 46 paused 0
[    12.776] (**) Lenovo EasyCamera: Lenovo EasyC: always reports core events
[    12.776] (**) Option "Device" "/dev/input/event7"
[    12.776] (**) Option "_source" "server/udev"
[    12.778] (II) event7  - Lenovo EasyCamera: Lenovo EasyC: is tagged by udev as: Keyboard
[    12.778] (II) event7  - Lenovo EasyCamera: Lenovo EasyC: device is a keyboard
[    12.778] (II) event7  - Lenovo EasyCamera: Lenovo EasyC: device removed
[    12.779] (**) Option "config_info" "udev:/sys/devices/pci0000:00/0000:00:14.0/usb2/2-6/2-6:1.0/input/input8/event7"
[    12.779] (II) XINPUT: Adding extended input device "Lenovo EasyCamera: Lenovo EasyC" (type: KEYBOARD, id 11)
[    12.779] (**) Option "xkb_layout" "latam"
[    12.780] (II) event7  - Lenovo EasyCamera: Lenovo EasyC: is tagged by udev as: Keyboard
[    12.780] (II) event7  - Lenovo EasyCamera: Lenovo EasyC: device is a keyboard
[    12.781] (II) config/udev: Adding input device HDA Intel PCH Mic (/dev/input/event10)
[    12.781] (II) No input driver specified, ignoring this device.
[    12.781] (II) This device may have been added with another device file.
[    12.782] (II) config/udev: Adding input device HDA Intel PCH Headphone (/dev/input/event11)
[    12.782] (II) No input driver specified, ignoring this device.
[    12.782] (II) This device may have been added with another device file.
[    12.783] (II) config/udev: Adding input device Ideapad extra buttons (/dev/input/event6)
[    12.783] (**) Ideapad extra buttons: Applying InputClass "libinput keyboard catchall"
[    12.783] (II) Using input driver 'libinput' for 'Ideapad extra buttons'
[    12.784] (II) systemd-logind: got fd for /dev/input/event6 13:70 fd 47 paused 0
[    12.784] (**) Ideapad extra buttons: always reports core events
[    12.784] (**) Option "Device" "/dev/input/event6"
[    12.785] (**) Option "_source" "server/udev"
[    12.787] (II) event6  - Ideapad extra buttons: is tagged by udev as: Keyboard
[    12.787] (II) event6  - Ideapad extra buttons: device is a keyboard
[    12.787] (II) event6  - Ideapad extra buttons: device removed
[    12.787] (**) Option "config_info" "udev:/sys/devices/pci0000:00/0000:00:1f.0/PNP0C09:00/VPC2004:00/input/input7/event6"
[    12.787] (II) XINPUT: Adding extended input device "Ideapad extra buttons" (type: KEYBOARD, id 12)
[    12.787] (**) Option "xkb_layout" "latam"
[    12.790] (II) event6  - Ideapad extra buttons: is tagged by udev as: Keyboard
[    12.790] (II) event6  - Ideapad extra buttons: device is a keyboard
[    12.791] (II) config/udev: Adding input device AT Translated Set 2 keyboard (/dev/input/event3)
[    12.791] (**) AT Translated Set 2 keyboard: Applying InputClass "libinput keyboard catchall"
[    12.791] (II) Using input driver 'libinput' for 'AT Translated Set 2 keyboard'
[    12.792] (II) systemd-logind: got fd for /dev/input/event3 13:67 fd 48 paused 0
[    12.793] (**) AT Translated Set 2 keyboard: always reports core events
[    12.793] (**) Option "Device" "/dev/input/event3"
[    12.793] (**) Option "_source" "server/udev"
[    12.794] (II) event3  - AT Translated Set 2 keyboard: is tagged by udev as: Keyboard
[    12.794] (II) event3  - AT Translated Set 2 keyboard: device is a keyboard
[    12.796] (II) event3  - AT Translated Set 2 keyboard: device removed
[    12.796] (**) Option "config_info" "udev:/sys/devices/platform/i8042/serio0/input/input3/event3"
[    12.796] (II) XINPUT: Adding extended input device "AT Translated Set 2 keyboard" (type: KEYBOARD, id 13)
[    12.796] (**) Option "xkb_layout" "latam"
[    12.798] (II) event3  - AT Translated Set 2 keyboard: is tagged by udev as: Keyboard
[    12.798] (II) event3  - AT Translated Set 2 keyboard: device is a keyboard
[    12.800] (II) config/udev: Adding input device ETPS/2 Elantech Touchpad (/dev/input/event4)
[    12.800] (**) ETPS/2 Elantech Touchpad: Applying InputClass "libinput touchpad catchall"
[    12.800] (II) Using input driver 'libinput' for 'ETPS/2 Elantech Touchpad'
[    12.801] (II) systemd-logind: got fd for /dev/input/event4 13:68 fd 49 paused 0
[    12.801] (**) ETPS/2 Elantech Touchpad: always reports core events
[    12.801] (**) Option "Device" "/dev/input/event4"
[    12.801] (**) Option "_source" "server/udev"
[    12.803] (II) event4  - ETPS/2 Elantech Touchpad: is tagged by udev as: Touchpad
[    12.805] (II) event4  - ETPS/2 Elantech Touchpad: device is a touchpad
[    12.805] (II) event4  - ETPS/2 Elantech Touchpad: device removed
[    12.806] (**) Option "config_info" "udev:/sys/devices/platform/i8042/serio1/input/input5/event4"
[    12.806] (II) XINPUT: Adding extended input device "ETPS/2 Elantech Touchpad" (type: TOUCHPAD, id 14)
[    12.807] (**) Option "AccelerationScheme" "none"
[    12.807] (**) ETPS/2 Elantech Touchpad: (accel) selected scheme none/0
[    12.807] (**) ETPS/2 Elantech Touchpad: (accel) acceleration factor: 2.000
[    12.807] (**) ETPS/2 Elantech Touchpad: (accel) acceleration threshold: 4
[    12.809] (II) event4  - ETPS/2 Elantech Touchpad: is tagged by udev as: Touchpad
[    12.811] (II) event4  - ETPS/2 Elantech Touchpad: device is a touchpad
[    12.812] (II) config/udev: Adding input device ETPS/2 Elantech Touchpad (/dev/input/mouse0)
[    12.812] (II) No input driver specified, ignoring this device.
[    12.812] (II) This device may have been added with another device file.
[    16.777] randr: falling back to unsynchronized pixmap sharing
[ 12521.182] (II) config/udev: removing device PixArt USB Optical Mouse
[ 12521.182] (**) Option "fd" "45"
[ 12521.182] (II) event5  - PixArt USB Optical Mouse: device removed
[ 12521.189] (II) UnloadModule: "libinput"
[ 12521.189] (II) systemd-logind: releasing fd for 13:69
[ 12524.555] (**) Option "fd" "39"
[ 12524.555] (II) event2  - Power Button: device removed
[ 12524.556] (**) Option "fd" "42"
[ 12524.556] (II) event9  - Video Bus: device removed
[ 12524.557] (**) Option "fd" "43"
[ 12524.557] (II) event8  - Video Bus: device removed
[ 12524.558] (**) Option "fd" "44"
[ 12524.558] (II) event1  - Power Button: device removed
[ 12524.559] (**) Option "fd" "46"
[ 12524.559] (II) event7  - Lenovo EasyCamera: Lenovo EasyC: device removed
[ 12524.560] (**) Option "fd" "47"
[ 12524.560] (II) event6  - Ideapad extra buttons: device removed
[ 12524.561] (**) Option "fd" "48"
[ 12524.561] (II) event3  - AT Translated Set 2 keyboard: device removed
[ 12524.561] (**) Option "fd" "49"
[ 12524.561] (II) event4  - ETPS/2 Elantech Touchpad: device removed
[ 12524.628] (II) systemd-logind: got pause for 13:71
[ 12524.628] (II) systemd-logind: got pause for 13:70
[ 12524.628] (II) systemd-logind: got pause for 13:67
[ 12524.628] (II) systemd-logind: got pause for 226:1
[ 12526.145] (II) systemd-logind: got pause for 13:68
[ 12526.145] (II) systemd-logind: got pause for 13:73
[ 12526.145] (II) systemd-logind: got pause for 13:66
[ 12526.145] (II) systemd-logind: got pause for 13:72
[ 12526.145] (II) systemd-logind: got pause for 13:65
[ 12526.145] (II) systemd-logind: got pause for 226:0
[ 12526.353] (II) systemd-logind: got resume for 13:71
[ 12526.370] (II) systemd-logind: got resume for 13:70
[ 12526.409] (II) systemd-logind: got resume for 13:67
[ 12526.409] (II) systemd-logind: got resume for 226:1
[ 12526.432] (II) systemd-logind: got resume for 13:68
[ 12526.452] (II) systemd-logind: got resume for 13:73
[ 12526.609] (II) systemd-logind: got resume for 13:66
[ 12526.609] (II) systemd-logind: got resume for 13:72
[ 12526.609] (II) systemd-logind: got resume for 13:65
[ 12526.609] (II) systemd-logind: got resume for 226:0
[ 12526.609] (II) NVIDIA(0): Setting mode "NULL"
[ 12526.609] (EE) NVIDIA(0): Failed to initiate mode change.
[ 12526.610] (EE) NVIDIA(0): Failed to complete mode change
[ 12526.889] (II) event2  - Power Button: is tagged by udev as: Keyboard
[ 12526.894] (II) event2  - Power Button: device is a keyboard
[ 12526.899] (II) event9  - Video Bus: is tagged by udev as: Keyboard
[ 12526.899] (II) event9  - Video Bus: device is a keyboard
[ 12526.904] (II) event8  - Video Bus: is tagged by udev as: Keyboard
[ 12526.912] (II) event8  - Video Bus: device is a keyboard
[ 12526.925] (II) event1  - Power Button: is tagged by udev as: Keyboard
[ 12526.928] (II) event1  - Power Button: device is a keyboard
[ 12526.955] (II) event7  - Lenovo EasyCamera: Lenovo EasyC: is tagged by udev as: Keyboard
[ 12526.968] (II) event7  - Lenovo EasyCamera: Lenovo EasyC: device is a keyboard
[ 12527.102] (II) event6  - Ideapad extra buttons: is tagged by udev as: Keyboard
[ 12527.102] (II) event6  - Ideapad extra buttons: device is a keyboard
[ 12527.104] (II) event3  - AT Translated Set 2 keyboard: is tagged by udev as: Keyboard
[ 12527.104] (II) event3  - AT Translated Set 2 keyboard: device is a keyboard
[ 12527.108] (II) event4  - ETPS/2 Elantech Touchpad: is tagged by udev as: Touchpad
[ 12527.111] (II) event4  - ETPS/2 Elantech Touchpad: device is a touchpad
[ 12532.382] (II) config/udev: Adding input device PixArt USB Optical Mouse (/dev/input/mouse1)
[ 12532.382] (II) No input driver specified, ignoring this device.
[ 12532.382] (II) This device may have been added with another device file.
[ 12532.435] (II) config/udev: Adding input device PixArt USB Optical Mouse (/dev/input/event5)
[ 12532.435] (**) PixArt USB Optical Mouse: Applying InputClass "libinput pointer catchall"
[ 12532.435] (II) Using input driver 'libinput' for 'PixArt USB Optical Mouse'
[ 12532.438] (II) systemd-logind: got fd for /dev/input/event5 13:69 fd 64 paused 0
[ 12532.438] (**) PixArt USB Optical Mouse: always reports core events
[ 12532.438] (**) Option "Device" "/dev/input/event5"
[ 12532.438] (**) Option "_source" "server/udev"
[ 12532.441] (II) event5  - PixArt USB Optical Mouse: is tagged by udev as: Mouse
[ 12532.442] (II) event5  - PixArt USB Optical Mouse: device set to 1000 DPI
[ 12532.442] (II) event5  - PixArt USB Optical Mouse: device is a pointer
[ 12532.443] (II) event5  - PixArt USB Optical Mouse: device removed
[ 12532.443] (**) Option "config_info" "udev:/sys/devices/pci0000:00/0000:00:14.0/usb2/2-2/2-2:1.0/0003:093A:2510.0002/input/input18/event5"
[ 12532.443] (II) XINPUT: Adding extended input device "PixArt USB Optical Mouse" (type: MOUSE, id 10)
[ 12532.446] (**) Option "AccelerationScheme" "none"
[ 12532.449] (**) PixArt USB Optical Mouse: (accel) selected scheme none/0
[ 12532.449] (**) PixArt USB Optical Mouse: (accel) acceleration factor: 2.000
[ 12532.449] (**) PixArt USB Optical Mouse: (accel) acceleration threshold: 4
[ 12532.453] (II) event5  - PixArt USB Optical Mouse: is tagged by udev as: Mouse
[ 12532.453] (II) event5  - PixArt USB Optical Mouse: device set to 1000 DPI
[ 12532.453] (II) event5  - PixArt USB Optical Mouse: device is a pointer
[ 12837.424] (EE) event4  - ETPS/2 Elantech Touchpad: kernel bug: Touch jump detected and discarded.
See https://wayland.freedesktop.org/libinput/doc/1.12.6/touchpad-jumping-cursors.html for details
